Using pre-set license

 COMMAND LINE ARGUMENTS:
/Applications/Unity/Hub/Editor/2020.2.2f1/Unity.app/Contents/MacOS/Unity
-adb2
-batchMode
-noUpm
-name
AssetImportWorker0
-projectPath
/Users/amirfarzadnilizadeh/Documents/Unity/Racing
-logFile
Logs/AssetImportWorker0.log
-srvPort
59404
Successfully changed project path to: /Users/amirfarzadnilizadeh/Documents/Unity/Racing
/Users/amirfarzadnilizadeh/Documents/Unity/Racing
Using Asset Import Pipeline V2.
Refreshing native plugins compatible for Editor in 106.46 ms, found 1 plugins.
Preloading 0 native plugins for Editor in 0.00 ms.
Initialize engine version: 2020.2.2f1 (068178b99f32)
[Subsystems] Discovering subsystems at path /Applications/Unity/Hub/Editor/2020.2.2f1/Unity.app/Contents/Resources/UnitySubsystems
[Subsystems] Discovering subsystems at path /Users/amirfarzadnilizadeh/Documents/Unity/Racing/Assets
GfxDevice: creating device client; threaded=0
2021-04-26 20:58:41.678 Unity[9579:755088] Color LCD preferred device: Intel(R) Iris(TM) Graphics 6000 (low power)
2021-04-26 20:58:41.678 Unity[9579:755088] Metal devices available: 1
2021-04-26 20:58:41.678 Unity[9579:755088] 0: Intel(R) Iris(TM) Graphics 6000 (low power)
2021-04-26 20:58:41.679 Unity[9579:755088] Using device Intel(R) Iris(TM) Graphics 6000 (low power)
Initializing Metal device caps: Intel(R) Iris(TM) Graphics 6000
Initialize mono
Mono path[0] = '/Applications/Unity/Hub/Editor/2020.2.2f1/Unity.app/Contents/Managed'
Mono path[1] = '/Applications/Unity/Hub/Editor/2020.2.2f1/Unity.app/Contents/MonoBleedingEdge/lib/mono/unityjit'
Mono config path = '/Applications/Unity/Hub/Editor/2020.2.2f1/Unity.app/Contents/MonoBleedingEdge/etc'
Using monoOptions --debugger-agent=transport=dt_socket,embedding=1,server=y,suspend=n,address=127.0.0.1:56579
Begin MonoManager ReloadAssembly
Registering precompiled unity dll's ...
Register platform support module: /Applications/Unity/Hub/Editor/2020.2.2f1/PlaybackEngines/WebGLSupport/UnityEditor.WebGL.Extensions.dll
Register platform support module: /Applications/Unity/Hub/Editor/2020.2.2f1/Unity.app/Contents/PlaybackEngines/MacStandaloneSupport/UnityEditor.OSXStandalone.Extensions.dll
Register platform support module: /Applications/Unity/Hub/Editor/2020.2.2f1/PlaybackEngines/WindowsStandaloneSupport/UnityEditor.WindowsStandalone.Extensions.dll
Registered in 0.004801 seconds.
Native extension for WindowsStandalone target not found
Native extension for OSXStandalone target not found
Native extension for WebGL target not found
Refreshing native plugins compatible for Editor in 122.99 ms, found 1 plugins.
Preloading 0 native plugins for Editor in 0.00 ms.
Invoked RoslynAnalysisRunner static constructor.
RoslynAnalysisRunner will not be running.
RoslynAnalysisRunner has terminated.
Mono: successfully reloaded assembly
- Completed reload, in  8.125 seconds
Platform modules already initialized, skipping
Registering precompiled user dll's ...
Registered in 0.000823 seconds.
Begin MonoManager ReloadAssembly
Native extension for WindowsStandalone target not found
Native extension for OSXStandalone target not found
Native extension for WebGL target not found
Refreshing native plugins compatible for Editor in 0.29 ms, found 1 plugins.
Preloading 0 native plugins for Editor in 0.00 ms.
Invoked RoslynAnalysisRunner static constructor.
RoslynAnalysisRunner will not be running.
RoslynAnalysisRunner has terminated.
Mono: successfully reloaded assembly
- Completed reload, in  3.095 seconds
Platform modules already initialized, skipping
========================================================================
Worker process is ready to serve import requests
Launching external process: /Applications/Unity/Hub/Editor/2020.2.2f1/Unity.app/Contents/Tools/UnityShaderCompiler
Launched and connected shader compiler UnityShaderCompiler after 0.02 seconds
Refreshing native plugins compatible for Editor in 0.38 ms, found 1 plugins.
Preloading 0 native plugins for Editor in 0.00 ms.
Unloading 1126 Unused Serialized files (Serialized files now loaded: 0)
System memory in use before: 133.7 MB.
System memory in use after: 133.7 MB.

Unloading 10 unused Assets to reduce memory usage. Loaded Objects now: 1595.
Total: 4.104800 ms (FindLiveObjects: 0.404147 ms CreateObjectMapping: 0.108022 ms MarkObjects: 3.438083 ms  DeleteObjects: 0.152157 ms)

========================================================================
Received Import Request.
  path: Assets/CarPackage/RallyCarPack/3D/Boca.FBX
  artifactKey: Guid(bde6d16cd1ea21d4abc683e5f8b24e45) Importer(815301076,1909f56bfc062723c751e8b465ee728b)
Start importing Assets/CarPackage/RallyCarPack/3D/Boca.FBX using Guid(bde6d16cd1ea21d4abc683e5f8b24e45) Importer(815301076,1909f56bfc062723c751e8b465ee728b)  -> (artifact id: 'bd8e567e8894eef19fa27ebcce545f9f') in 2.160932 seconds
  Import took 2.166110 seconds .

========================================================================
Received Import Request.
  Time since last request: 0.000538 seconds.
  path: Assets/CarPackage/RallyCarPack/3D/Bullet350.FBX
  artifactKey: Guid(216e3af150b73264db8bfa1069ab5b50) Importer(815301076,1909f56bfc062723c751e8b465ee728b)
Start importing Assets/CarPackage/RallyCarPack/3D/Bullet350.FBX using Guid(216e3af150b73264db8bfa1069ab5b50) Importer(815301076,1909f56bfc062723c751e8b465ee728b)  -> (artifact id: 'fad4460bae4d089673fc0bbba0c79e02') in 0.056346 seconds
  Import took 0.062033 seconds .

========================================================================
Received Import Request.
  Time since last request: 0.000376 seconds.
  path: Assets/CarPackage/RallyCarPack/3D/ForceZ.FBX
  artifactKey: Guid(d7f23f1b4ea9a514d8406ed5564e4835) Importer(815301076,1909f56bfc062723c751e8b465ee728b)
Start importing Assets/CarPackage/RallyCarPack/3D/ForceZ.FBX using Guid(d7f23f1b4ea9a514d8406ed5564e4835) Importer(815301076,1909f56bfc062723c751e8b465ee728b)  -> (artifact id: 'c97384ff55f139469c878f49c59178da') in 0.048820 seconds
  Import took 0.054033 seconds .

========================================================================
Received Import Request.
  Time since last request: 0.000431 seconds.
  path: Assets/CarPackage/RallyCarPack/3D/Eclipse.FBX
  artifactKey: Guid(fe40593360c9b2648974e12db534bedb) Importer(815301076,1909f56bfc062723c751e8b465ee728b)
Start importing Assets/CarPackage/RallyCarPack/3D/Eclipse.FBX using Guid(fe40593360c9b2648974e12db534bedb) Importer(815301076,1909f56bfc062723c751e8b465ee728b)  -> (artifact id: '75ea3700c5312f9efb07e0544b963032') in 0.049704 seconds
  Import took 0.052782 seconds .

========================================================================
Received Import Request.
  Time since last request: 38.381860 seconds.
  path: Assets/CarPackage/RallyCarPack/3D/Juggernaut.FBX
  artifactKey: Guid(3bd37b91202c77145a25e7823e0618ce) Importer(815301076,1909f56bfc062723c751e8b465ee728b)
Start importing Assets/CarPackage/RallyCarPack/3D/Juggernaut.FBX using Guid(3bd37b91202c77145a25e7823e0618ce) Importer(815301076,1909f56bfc062723c751e8b465ee728b)  -> (artifact id: '292f45578b0731761c3899930464fba6') in 0.127603 seconds
  Import took 0.136691 seconds .

========================================================================
Received Import Request.
  Time since last request: 0.007268 seconds.
  path: Assets/CarPackage/RallyCarPack/3D/Juggernaut.FBX
  artifactKey: Guid(3bd37b91202c77145a25e7823e0618ce) Importer(815301076,1909f56bfc062723c751e8b465ee728b)
Start importing Assets/CarPackage/RallyCarPack/3D/Juggernaut.FBX using Guid(3bd37b91202c77145a25e7823e0618ce) Importer(815301076,1909f56bfc062723c751e8b465ee728b)  -> (artifact id: '292f45578b0731761c3899930464fba6') in 0.171014 seconds
  Import took 0.175141 seconds .

========================================================================
Received Prepare
Registering precompiled user dll's ...
Registered in 0.000979 seconds.
Begin MonoManager ReloadAssembly
Native extension for WindowsStandalone target not found
Native extension for OSXStandalone target not found
Native extension for WebGL target not found
Refreshing native plugins compatible for Editor in 0.85 ms, found 1 plugins.
Preloading 0 native plugins for Editor in 0.00 ms.
Invoked RoslynAnalysisRunner static constructor.
RoslynAnalysisRunner will not be running.
RoslynAnalysisRunner has terminated.
Mono: successfully reloaded assembly
- Completed reload, in  7.782 seconds
Platform modules already initialized, skipping
Refreshing native plugins compatible for Editor in 0.53 ms, found 1 plugins.
Preloading 0 native plugins for Editor in 0.00 ms.
Unloading 1117 Unused Serialized files (Serialized files now loaded: 0)
System memory in use before: 143.4 MB.
System memory in use after: 143.4 MB.

Unloading 5 unused Assets to reduce memory usage. Loaded Objects now: 1607.
Total: 5.742052 ms (FindLiveObjects: 0.643478 ms CreateObjectMapping: 0.202253 ms MarkObjects: 4.684344 ms  DeleteObjects: 0.209691 ms)

========================================================================
Received Prepare
Registering precompiled user dll's ...
Registered in 0.002087 seconds.
Begin MonoManager ReloadAssembly
Native extension for WindowsStandalone target not found
Native extension for OSXStandalone target not found
Native extension for WebGL target not found
Refreshing native plugins compatible for Editor in 0.25 ms, found 1 plugins.
Preloading 0 native plugins for Editor in 0.00 ms.
Invoked RoslynAnalysisRunner static constructor.
RoslynAnalysisRunner will not be running.
RoslynAnalysisRunner has terminated.
Mono: successfully reloaded assembly
- Completed reload, in  1.956 seconds
Platform modules already initialized, skipping
Refreshing native plugins compatible for Editor in 0.42 ms, found 1 plugins.
Preloading 0 native plugins for Editor in 0.00 ms.
Unloading 1117 Unused Serialized files (Serialized files now loaded: 0)
System memory in use before: 143.7 MB.
System memory in use after: 143.7 MB.

Unloading 5 unused Assets to reduce memory usage. Loaded Objects now: 1609.
Total: 2.152526 ms (FindLiveObjects: 0.268656 ms CreateObjectMapping: 0.041385 ms MarkObjects: 1.768567 ms  DeleteObjects: 0.072051 ms)

